[debug] [2026-01-29T06:24:45.092Z] ----------------------------------------------------------------------
[debug] [2026-01-29T06:24:45.094Z] Command:       C:\Program Files\nodejs\node.exe C:\Users\MSI\AppData\Roaming\npm\node_modules\firebase-tools\lib\bin\firebase.js init functions
[debug] [2026-01-29T06:24:45.095Z] CLI Version:   13.29.3
[debug] [2026-01-29T06:24:45.095Z] Platform:      win32
[debug] [2026-01-29T06:24:45.095Z] Node Version:  v23.6.0
[debug] [2026-01-29T06:24:45.095Z] Time:          Thu Jan 29 2026 10:24:45 GMT+0400 (Mauritius Standard Time)
[debug] [2026-01-29T06:24:45.095Z] ----------------------------------------------------------------------
[debug] 
[debug] [2026-01-29T06:24:45.101Z] > command requires scopes: ["email","openid","https://www.googleapis.com/auth/cloudplatformprojects.readonly","https://www.googleapis.com/auth/firebase","https://www.googleapis.com/auth/cloud-platform"]
[debug] [2026-01-29T06:24:45.101Z] > authorizing via signed-in user (brianspeville14@gmail.com)
[info] 
     ######## #### ########  ######## ########     ###     ######  ########
     ##        ##  ##     ## ##       ##     ##  ##   ##  ##       ##
     ######    ##  ########  ######   ########  #########  ######  ######
     ##        ##  ##    ##  ##       ##     ## ##     ##       ## ##
     ##       #### ##     ## ######## ########  ##     ##  ######  ########

You're about to initialize a Firebase project in this directory:

  C:\Users\MSI\Documents\Final Year Project\sports_tracker\sports_tracker

[info] 
=== Project Setup
[info] 
[info] First, let's associate this project directory with a Firebase project.
[info] You can create multiple project aliases by running firebase use --add, 
[info] but for now we'll just set up a default project.
[info] 
[debug] [2026-01-29T06:25:58.759Z] Checked if tokens are valid: false, expires at: 1738612902706
[debug] [2026-01-29T06:25:58.759Z] Checked if tokens are valid: false, expires at: 1738612902706
[debug] [2026-01-29T06:25:58.759Z] > refreshing access token with scopes: []
[debug] [2026-01-29T06:25:58.761Z] >>> [apiv2][query] POST https://www.googleapis.com/oauth2/v3/token [none]
[debug] [2026-01-29T06:25:58.761Z] >>> [apiv2][body] POST https://www.googleapis.com/oauth2/v3/token [omitted]
[debug] [2026-01-29T06:25:59.188Z] <<< [apiv2][status] POST https://www.googleapis.com/oauth2/v3/token 400
[debug] [2026-01-29T06:25:59.188Z] <<< [apiv2][body] POST https://www.googleapis.com/oauth2/v3/token [omitted]
[debug] [2026-01-29T06:25:59.189Z] >>> [apiv2][query] GET https://firebase.googleapis.com/v1beta1/projects pageSize=100
[debug] [2026-01-29T06:25:59.590Z] <<< [apiv2][status] GET https://firebase.googleapis.com/v1beta1/projects 401
[debug] [2026-01-29T06:25:59.590Z] <<< [apiv2][body] GET https://firebase.googleapis.com/v1beta1/projects [omitted]
[debug] [2026-01-29T06:25:59.590Z] Got a 401 Unauthenticated error for a call that required authentication. Refreshing tokens.
[debug] [2026-01-29T06:25:59.590Z] Checked if tokens are valid: false, expires at: 1738612902706
[debug] [2026-01-29T06:25:59.590Z] Checked if tokens are valid: false, expires at: 1738612902706
[debug] [2026-01-29T06:25:59.590Z] > refreshing access token with scopes: []
[debug] [2026-01-29T06:25:59.591Z] >>> [apiv2][query] POST https://www.googleapis.com/oauth2/v3/token [none]
[debug] [2026-01-29T06:25:59.591Z] >>> [apiv2][body] POST https://www.googleapis.com/oauth2/v3/token [omitted]
[debug] [2026-01-29T06:25:59.774Z] <<< [apiv2][status] POST https://www.googleapis.com/oauth2/v3/token 400
[debug] [2026-01-29T06:25:59.774Z] <<< [apiv2][body] POST https://www.googleapis.com/oauth2/v3/token [omitted]
[debug] [2026-01-29T06:25:59.775Z] Request to https://firebase.googleapis.com/v1beta1/projects?pageSize=100 had HTTP Error: 401, Request had invalid authentication credentials. Expected OAuth 2 access token, login cookie or other valid authentication credential. See https://developers.google.com/identity/sign-in/web/devconsole-project.
[debug] [2026-01-29T06:25:59.776Z] FirebaseError: Request to https://firebase.googleapis.com/v1beta1/projects?pageSize=100 had HTTP Error: 401, Request had invalid authentication credentials. Expected OAuth 2 access token, login cookie or other valid authentication credential. See https://developers.google.com/identity/sign-in/web/devconsole-project.
    at responseToError (C:\Users\MSI\AppData\Roaming\npm\node_modules\firebase-tools\lib\responseToError.js:52:12)
    at RetryOperation._fn (C:\Users\MSI\AppData\Roaming\npm\node_modules\firebase-tools\lib\apiv2.js:312:77)
    at process.processTicksAndRejections (node:internal/process/task_queues:105:5)
[error] 
[error] Error: Failed to list Firebase projects. See firebase-debug.log for more info.
